2025-02-20:12:54:18PST * 0 * information * 0x556dbe96da90 * KIM_LogImplementation.cpp:110 * Log object created.  Default verbosity level is 'information'.
2025-02-20:12:54:18PST * 1 * information * 0x556dbe96da90 * KIM_LogImplementation.cpp:242 * Log object renamed.  ID changed to '0_Collections'.
2025-02-20:12:54:18PST * 2 * information * 0_Collections * KIM_LogImplementation.cpp:246 * Log object renamed.  ID changed from '0x556dbe96da90'.
2025-02-20:12:54:18PST * 3 * information * 0_Collections * KIM_LogImplementation.cpp:120 * Log object destroyed.
2025-02-20:12:54:18PST * 0 * information * 0x556dbe96da90 * KIM_LogImplementation.cpp:110 * Log object created.  Default verbosity level is 'information'.
2025-02-20:12:54:18PST * 0 * information * 0x556dbe96e5d0 * KIM_LogImplementation.cpp:110 * Log object created.  Default verbosity level is 'information'.
2025-02-20:12:54:18PST * 1 * information * 0x556dbe96e5d0 * KIM_LogImplementation.cpp:242 * Log object renamed.  ID changed to '0x556dbe96da90_Collections'.
2025-02-20:12:54:18PST * 2 * information * 0x556dbe96da90_Collections * KIM_LogImplementation.cpp:246 * Log object renamed.  ID changed from '0x556dbe96e5d0'.
2025-02-20:12:54:18PST * 3 * information * 0x556dbe96da90_Collections * KIM_LogImplementation.cpp:120 * Log object destroyed.
2025-02-20:12:54:18PST * 1 * information * 0x556dbe96da90 * KIM_LogImplementation.cpp:242 * Log object renamed.  ID changed to '0_SimulatorModel'.
2025-02-20:12:54:18PST * 2 * information * 0_SimulatorModel * KIM_LogImplementation.cpp:246 * Log object renamed.  ID changed from '0x556dbe96da90'.
2025-02-20:12:54:18PST * 3 * information * 0_SimulatorModel * KIM_LogImplementation.cpp:120 * Log object destroyed.
2025-02-20:12:54:18PST * 0 * information * 0x556dbe96da90 * KIM_LogImplementation.cpp:110 * Log object created.  Default verbosity level is 'information'.
2025-02-20:12:54:18PST * 1 * information * 0x556dbe96da90 * KIM_LogImplementation.cpp:242 * Log object renamed.  ID changed to '0_Collections'.
2025-02-20:12:54:18PST * 2 * information * 0_Collections * KIM_LogImplementation.cpp:246 * Log object renamed.  ID changed from '0x556dbe96da90'.
2025-02-20:12:54:18PST * 3 * information * 0_Collections * KIM_LogImplementation.cpp:120 * Log object destroyed.
2025-02-20:12:54:18PST * 0 * information * 0x556dbe96da90 * KIM_LogImplementation.cpp:110 * Log object created.  Default verbosity level is 'information'.
2025-02-20:12:54:18PST * 0 * information * 0x556dbe96e5d0 * KIM_LogImplementation.cpp:110 * Log object created.  Default verbosity level is 'information'.
2025-02-20:12:54:18PST * 1 * information * 0x556dbe96e5d0 * KIM_LogImplementation.cpp:242 * Log object renamed.  ID changed to '0x556dbe96da90_Collections'.
2025-02-20:12:54:18PST * 2 * information * 0x556dbe96da90_Collections * KIM_LogImplementation.cpp:246 * Log object renamed.  ID changed from '0x556dbe96e5d0'.
2025-02-20:12:54:18PST * 3 * information * 0x556dbe96da90_Collections * KIM_LogImplementation.cpp:120 * Log object destroyed.
2025-02-20:12:54:18PST * 1 * information * 0x556dbe96da90 * KIM_LogImplementation.cpp:242 * Log object renamed.  ID changed to '0_SimulatorModel'.
2025-02-20:12:54:18PST * 2 * information * 0_SimulatorModel * KIM_LogImplementation.cpp:246 * Log object renamed.  ID changed from '0x556dbe96da90'.
